0 info it worked if it ends with ok
1 verbose cli [ 'C:\\Program Files\\nodejs\\node.exe',
1 verbose cli   'C:\\Program Files\\nodejs\\node_modules\\npm\\bin\\npm-cli.js',
1 verbose cli   'publish' ]
2 info using npm@3.10.10
3 info using node@v6.11.0
4 verbose publish [ '.' ]
5 silly cache add args [ '.', null ]
6 verbose cache add spec .
7 silly cache add parsed spec Result {
7 silly cache add   raw: '.',
7 silly cache add   scope: null,
7 silly cache add   escapedName: null,
7 silly cache add   name: null,
7 silly cache add   rawSpec: '.',
7 silly cache add   spec: 'C:\\RunokLubTT',
7 silly cache add   type: 'directory' }
8 verbose addLocalDirectory C:\Users\Администратор\AppData\Roaming\npm-cache\runoklub\1.0.0\package.tgz not in flight; packing
9 verbose correctMkdir C:\Users\Администратор\AppData\Roaming\npm-cache correctMkdir not in flight; initializing
10 info lifecycle runoklub@1.0.0~prepublish: runoklub@1.0.0
11 silly lifecycle runoklub@1.0.0~prepublish: no script for prepublish, continuing
12 verbose tar pack [ 'C:\\Users\\Администратор\\AppData\\Roaming\\npm-cache\\runoklub\\1.0.0\\package.tgz',
12 verbose tar pack   'C:\\RunokLubTT' ]
13 verbose tarball C:\Users\Администратор\AppData\Roaming\npm-cache\runoklub\1.0.0\package.tgz
14 verbose folder C:\RunokLubTT
15 verbose addLocalTarball adding from inside cache C:\Users\Администратор\AppData\Roaming\npm-cache\runoklub\1.0.0\package.tgz
16 verbose correctMkdir C:\Users\Администратор\AppData\Roaming\npm-cache correctMkdir not in flight; initializing
17 silly cache afterAdd runoklub@1.0.0
18 verbose afterAdd C:\Users\Администратор\AppData\Roaming\npm-cache\runoklub\1.0.0\package\package.json not in flight; writing
19 verbose correctMkdir C:\Users\Администратор\AppData\Roaming\npm-cache correctMkdir not in flight; initializing
20 verbose afterAdd C:\Users\Администратор\AppData\Roaming\npm-cache\runoklub\1.0.0\package\package.json written
21 silly publish { name: 'runoklub',
21 silly publish   version: '1.0.0',
21 silly publish   description: 'My CULP',
21 silly publish   main: 'index.js',
21 silly publish   scripts:
21 silly publish    { test: 'echo "Error: no test specified" && exit 1',
21 silly publish      build: 'babel src -d dist --presest es2015',
21 silly publish      watch: 'babel src -d dist --presest es2015 -w' },
21 silly publish   author: { name: 'Andrey' },
21 silly publish   license: 'ISC',
21 silly publish   devDependencies:
21 silly publish    { 'babel-cli': '^6.24.1',
21 silly publish      'babel-core': '^6.25.0',
21 silly publish      'babel-preset-es2015': '^6.24.1',
21 silly publish      'browser-sync': '^2.18.13',
21 silly publish      del: '^3.0.0',
21 silly publish      gulp: '^3.9.1',
21 silly publish      'gulp-autoprefixer': '^4.0.0',
21 silly publish      'gulp-babel': '^6.1.2',
21 silly publish      'gulp-concat': '^2.6.1',
21 silly publish      'gulp-cssnano': '^2.1.2',
21 silly publish      'gulp-imagemin': '^3.3.0',
21 silly publish      'gulp-rename': '^1.2.2',
21 silly publish      'gulp-sass': '^3.1.0',
21 silly publish      'gulp-uglifyjs': '^0.6.2',
21 silly publish      'imagemin-pngquant': '^5.0.1' },
21 silly publish   dependencies:
21 silly publish    { 'browser-sync': '^2.18.12',
21 silly publish      del: '^3.0.0',
21 silly publish      gulp: '^3.9.1',
21 silly publish      'gulp-concat': '^2.6.1',
21 silly publish      'gulp-imagemin': '^3.3.0',
21 silly publish      'gulp-autoprefixer': '^4.0.0',
21 silly publish      'gulp-cssnano': '^2.1.2',
21 silly publish      'gulp-uglifyjs': '^0.6.2',
21 silly publish      'gulp-rename': '^1.2.2',
21 silly publish      'gulp-sass': '^3.1.0',
21 silly publish      'imagemin-pngquant': '^5.0.1' },
21 silly publish   keywords: [],
21 silly publish   repository: { type: 'git', url: 'Eatherly' },
21 silly publish   gitHead: 'f4c0447b7e11d287845a25ba7b8bbab0fb23217f',
21 silly publish   readme: 'ERROR: No README data found!',
21 silly publish   _id: 'runoklub@1.0.0',
21 silly publish   _shasum: '4d45f1739c71aff90090ae60af302944aff8d870',
21 silly publish   _from: '.' }
22 verbose getPublishConfig undefined
23 silly mapToRegistry name runoklub
24 silly mapToRegistry using default registry
25 silly mapToRegistry registry https://registry.npmjs.org/
26 silly mapToRegistry data Result {
26 silly mapToRegistry   raw: 'runoklub',
26 silly mapToRegistry   scope: null,
26 silly mapToRegistry   escapedName: 'runoklub',
26 silly mapToRegistry   name: 'runoklub',
26 silly mapToRegistry   rawSpec: '',
26 silly mapToRegistry   spec: 'latest',
26 silly mapToRegistry   type: 'tag' }
27 silly mapToRegistry uri https://registry.npmjs.org/runoklub
28 verbose publish registryBase https://registry.npmjs.org/
29 silly publish uploading C:\Users\Администратор\AppData\Roaming\npm-cache\runoklub\1.0.0\package.tgz
30 verbose stack Error: auth required for publishing
30 verbose stack     at CachingRegistryClient.publish (C:\Program Files\nodejs\node_modules\npm\node_modules\npm-registry-client\lib\publish.js:30:14)
30 verbose stack     at C:\Program Files\nodejs\node_modules\npm\lib\publish.js:138:14
30 verbose stack     at mapToRegistry (C:\Program Files\nodejs\node_modules\npm\lib\utils\map-to-registry.js:62:3)
30 verbose stack     at publish_ (C:\Program Files\nodejs\node_modules\npm\lib\publish.js:107:3)
30 verbose stack     at Array.<anonymous> (C:\Program Files\nodejs\node_modules\npm\node_modules\slide\lib\bind-actor.js:15:8)
30 verbose stack     at LOOP (C:\Program Files\nodejs\node_modules\npm\node_modules\slide\lib\chain.js:15:14)
30 verbose stack     at LOOP (C:\Program Files\nodejs\node_modules\npm\node_modules\slide\lib\chain.js:14:28)
30 verbose stack     at chain (C:\Program Files\nodejs\node_modules\npm\node_modules\slide\lib\chain.js:20:5)
30 verbose stack     at C:\Program Files\nodejs\node_modules\npm\lib\publish.js:73:5
30 verbose stack     at RES (C:\Program Files\nodejs\node_modules\npm\node_modules\inflight\inflight.js:23:14)
31 verbose cwd C:\RunokLubTT
32 error Windows_NT 6.1.7601
33 error argv "C:\\Program Files\\nodejs\\node.exe" "C:\\Program Files\\nodejs\\node_modules\\npm\\bin\\npm-cli.js" "publish"
34 error node v6.11.0
35 error npm  v3.10.10
36 error code ENEEDAUTH
37 error need auth auth required for publishing
38 error need auth You need to authorize this machine using `npm adduser`
39 verbose exit [ 1, true ]
